<?xml version="1.0" encoding="UTF-8"?>
<testsuite xmlns:xsi="http://www.w3.org/2001/XMLSchema-instance" xsi:noNamespaceSchemaLocation="https://maven.apache.org/surefire/maven-surefire-plugin/xsd/surefire-test-report.xsd" version="3.0.2" name="org.evomaster.e2etests.spring.h2.columntypes.H2ColumnTypesEMTest" time="66.129" tests="1" errors="0" skipped="0" failures="0">
  <properties>
[...]
</properties>
  <testcase name="testRunEM" classname="org.evomaster.e2etests.spring.h2.columntypes.H2ColumnTypesEMTest" time="47.636"/>
</testsuite>